  function.cpp
C:\Users\haun2\source\repos\Project\PE-Viewer\PE_viewer\function.cpp(117): warning C4477: 'printf' : 서식 문자열 '%016X'에 'unsigned int' 형식의 인수가 필요하지만 variadic 인수 1의 형식이 'ULONGLONG'입니다.
  C:\Users\haun2\source\repos\Project\PE-Viewer\PE_viewer\function.cpp(117): note: 서식 문자열에서 '%llX'을(를) 사용하는 것이 좋습니다.
  C:\Users\haun2\source\repos\Project\PE-Viewer\PE_viewer\function.cpp(117): note: 서식 문자열에서 '%IX'을(를) 사용하는 것이 좋습니다.
  C:\Users\haun2\source\repos\Project\PE-Viewer\PE_viewer\function.cpp(117): note: 서식 문자열에서 '%I64X'을(를) 사용하는 것이 좋습니다.
C:\Users\haun2\source\repos\Project\PE-Viewer\PE_viewer\function.cpp(132): warning C4477: 'printf' : 서식 문자열 '%016X'에 'unsigned int' 형식의 인수가 필요하지만 variadic 인수 1의 형식이 'ULONGLONG'입니다.
  C:\Users\haun2\source\repos\Project\PE-Viewer\PE_viewer\function.cpp(132): note: 서식 문자열에서 '%llX'을(를) 사용하는 것이 좋습니다.
  C:\Users\haun2\source\repos\Project\PE-Viewer\PE_viewer\function.cpp(132): note: 서식 문자열에서 '%IX'을(를) 사용하는 것이 좋습니다.
  C:\Users\haun2\source\repos\Project\PE-Viewer\PE_viewer\function.cpp(132): note: 서식 문자열에서 '%I64X'을(를) 사용하는 것이 좋습니다.
C:\Users\haun2\source\repos\Project\PE-Viewer\PE_viewer\function.cpp(133): warning C4477: 'printf' : 서식 문자열 '%016X'에 'unsigned int' 형식의 인수가 필요하지만 variadic 인수 1의 형식이 'ULONGLONG'입니다.
  C:\Users\haun2\source\repos\Project\PE-Viewer\PE_viewer\function.cpp(133): note: 서식 문자열에서 '%llX'을(를) 사용하는 것이 좋습니다.
  C:\Users\haun2\source\repos\Project\PE-Viewer\PE_viewer\function.cpp(133): note: 서식 문자열에서 '%IX'을(를) 사용하는 것이 좋습니다.
  C:\Users\haun2\source\repos\Project\PE-Viewer\PE_viewer\function.cpp(133): note: 서식 문자열에서 '%I64X'을(를) 사용하는 것이 좋습니다.
C:\Users\haun2\source\repos\Project\PE-Viewer\PE_viewer\function.cpp(134): warning C4477: 'printf' : 서식 문자열 '%016X'에 'unsigned int' 형식의 인수가 필요하지만 variadic 인수 1의 형식이 'ULONGLONG'입니다.
  C:\Users\haun2\source\repos\Project\PE-Viewer\PE_viewer\function.cpp(134): note: 서식 문자열에서 '%llX'을(를) 사용하는 것이 좋습니다.
  C:\Users\haun2\source\repos\Project\PE-Viewer\PE_viewer\function.cpp(134): note: 서식 문자열에서 '%IX'을(를) 사용하는 것이 좋습니다.
  C:\Users\haun2\source\repos\Project\PE-Viewer\PE_viewer\function.cpp(134): note: 서식 문자열에서 '%I64X'을(를) 사용하는 것이 좋습니다.
C:\Users\haun2\source\repos\Project\PE-Viewer\PE_viewer\function.cpp(135): warning C4477: 'printf' : 서식 문자열 '%016X'에 'unsigned int' 형식의 인수가 필요하지만 variadic 인수 1의 형식이 'ULONGLONG'입니다.
  C:\Users\haun2\source\repos\Project\PE-Viewer\PE_viewer\function.cpp(135): note: 서식 문자열에서 '%llX'을(를) 사용하는 것이 좋습니다.
  C:\Users\haun2\source\repos\Project\PE-Viewer\PE_viewer\function.cpp(135): note: 서식 문자열에서 '%IX'을(를) 사용하는 것이 좋습니다.
  C:\Users\haun2\source\repos\Project\PE-Viewer\PE_viewer\function.cpp(135): note: 서식 문자열에서 '%I64X'을(를) 사용하는 것이 좋습니다.
  PE_viewer.vcxproj -> C:\Users\haun2\source\repos\Project\PE-Viewer\x64\Debug\PE_viewer.exe
